[11:59:39] [Server thread/INFO]: Starting minecraft server version 1.9.4
[11:59:39] [Server thread/INFO]: Loading properties
[11:59:39] [Server thread/INFO]: Default game type: CREATIVE
[11:59:40] [Server thread/INFO]: This server is running CraftBukkit version git-Spigot-798f32d-0cd0397 (MC: 1.9.4) (Implementing API version 1.9.4-R0.1-SNAPSHOT)
[11:59:40] [Server thread/INFO]: Debug logging is disabled
[11:59:40] [Server thread/INFO]: Server Ping Player Sample Count: 12
[11:59:40] [Server thread/INFO]: Using 4 threads for Netty based IO
[11:59:40] [Server thread/INFO]: Generating keypair
[11:59:40] [Server thread/INFO]: Starting Minecraft server on *:25565
[11:59:40] [Server thread/INFO]: Using default channel type
[11:59:41] [Server thread/INFO]: Set PluginClassLoader as parallel capable
[11:59:41] [Server thread/INFO]: [SetSpawn] Loading SetSpawn v2.1
[11:59:41] [Server thread/INFO]: [RaspberryJuice] Loading RaspberryJuice v1.7
[11:59:41] [Server thread/INFO]: **** Beginning UUID conversion, this may take A LONG time ****
[11:59:41] [Server thread/INFO]: Preparing level "world"
[11:59:41] [Server thread/INFO]: -------- World Settings For [world] --------
[11:59:41] [Server thread/INFO]: View Distance: 10
[11:59:41] [Server thread/INFO]: Item Despawn Rate: 6000
[11:59:41] [Server thread/INFO]: Item Merge Radius: 2.5
[11:59:41] [Server thread/INFO]: Allow Zombie Pigmen to spawn from portal blocks: true
[11:59:41] [Server thread/INFO]: Arrow Despawn Rate: 1200
[11:59:41] [Server thread/INFO]: Zombie Aggressive Towards Villager: true
[11:59:41] [Server thread/INFO]: Experience Merge Radius: 3.0
[11:59:41] [Server thread/INFO]: Mob Spawn Range: 4
[11:59:41] [Server thread/INFO]: Nerfing mobs spawned from spawners: false
[11:59:41] [Server thread/INFO]: Max TNT Explosions: 100
[11:59:41] [Server thread/INFO]: Cactus Growth Modifier: 100%
[11:59:41] [Server thread/INFO]: Cane Growth Modifier: 100%
[11:59:41] [Server thread/INFO]: Melon Growth Modifier: 100%
[11:59:41] [Server thread/INFO]: Mushroom Growth Modifier: 100%
[11:59:41] [Server thread/INFO]: Pumpkin Growth Modifier: 100%
[11:59:41] [Server thread/INFO]: Sapling Growth Modifier: 100%
[11:59:41] [Server thread/INFO]: Wheat Growth Modifier: 100%
[11:59:41] [Server thread/INFO]: NetherWart Growth Modifier: 100%
[11:59:41] [Server thread/INFO]: Entity Tracking Range: Pl 48 / An 48 / Mo 48 / Mi 32 / Other 64
[11:59:41] [Server thread/INFO]: Tile Max Tick Time: 50ms Entity max Tick Time: 50ms
[11:59:41] [Server thread/INFO]: Entity Activation Range: An 32 / Mo 32 / Mi 16
[11:59:41] [Server thread/INFO]: Random Lighting Updates: false
[11:59:41] [Server thread/INFO]: Structure Info Saving: true
[11:59:41] [Server thread/INFO]: Hopper Transfer: 8 Hopper Check: 8 Hopper Amount: 1
[11:59:41] [Server thread/INFO]: Max Entity Collisions: 8
[11:59:41] [Server thread/INFO]: Custom Map Seeds:  Village: 10387312 Feature: 14357617
[11:59:41] [Server thread/INFO]: -------- World Settings For [world_nether] --------
[11:59:41] [Server thread/INFO]: View Distance: 10
[11:59:41] [Server thread/INFO]: Item Despawn Rate: 6000
[11:59:41] [Server thread/INFO]: Item Merge Radius: 2.5
[11:59:41] [Server thread/INFO]: Allow Zombie Pigmen to spawn from portal blocks: true
[11:59:41] [Server thread/INFO]: Arrow Despawn Rate: 1200
[11:59:41] [Server thread/INFO]: Zombie Aggressive Towards Villager: true
[11:59:41] [Server thread/INFO]: Experience Merge Radius: 3.0
[11:59:41] [Server thread/INFO]: Mob Spawn Range: 4
[11:59:41] [Server thread/INFO]: Nerfing mobs spawned from spawners: false
[11:59:41] [Server thread/INFO]: Max TNT Explosions: 100
[11:59:41] [Server thread/INFO]: Cactus Growth Modifier: 100%
[11:59:41] [Server thread/INFO]: Cane Growth Modifier: 100%
[11:59:41] [Server thread/INFO]: Melon Growth Modifier: 100%
[11:59:41] [Server thread/INFO]: Mushroom Growth Modifier: 100%
[11:59:41] [Server thread/INFO]: Pumpkin Growth Modifier: 100%
[11:59:41] [Server thread/INFO]: Sapling Growth Modifier: 100%
[11:59:41] [Server thread/INFO]: Wheat Growth Modifier: 100%
[11:59:41] [Server thread/INFO]: NetherWart Growth Modifier: 100%
[11:59:41] [Server thread/INFO]: Entity Tracking Range: Pl 48 / An 48 / Mo 48 / Mi 32 / Other 64
[11:59:41] [Server thread/INFO]: Tile Max Tick Time: 50ms Entity max Tick Time: 50ms
[11:59:41] [Server thread/INFO]: Entity Activation Range: An 32 / Mo 32 / Mi 16
[11:59:41] [Server thread/INFO]: Random Lighting Updates: false
[11:59:41] [Server thread/INFO]: Structure Info Saving: true
[11:59:41] [Server thread/INFO]: Hopper Transfer: 8 Hopper Check: 8 Hopper Amount: 1
[11:59:41] [Server thread/INFO]: Max Entity Collisions: 8
[11:59:41] [Server thread/INFO]: Custom Map Seeds:  Village: 10387312 Feature: 14357617
[11:59:41] [Server thread/INFO]: -------- World Settings For [world_the_end] --------
[11:59:41] [Server thread/INFO]: View Distance: 10
[11:59:41] [Server thread/INFO]: Item Despawn Rate: 6000
[11:59:41] [Server thread/INFO]: Item Merge Radius: 2.5
[11:59:41] [Server thread/INFO]: Allow Zombie Pigmen to spawn from portal blocks: true
[11:59:41] [Server thread/INFO]: Arrow Despawn Rate: 1200
[11:59:41] [Server thread/INFO]: Zombie Aggressive Towards Villager: true
[11:59:41] [Server thread/INFO]: Experience Merge Radius: 3.0
[11:59:41] [Server thread/INFO]: Mob Spawn Range: 4
[11:59:41] [Server thread/INFO]: Nerfing mobs spawned from spawners: false
[11:59:41] [Server thread/INFO]: Max TNT Explosions: 100
[11:59:41] [Server thread/INFO]: Cactus Growth Modifier: 100%
[11:59:41] [Server thread/INFO]: Cane Growth Modifier: 100%
[11:59:41] [Server thread/INFO]: Melon Growth Modifier: 100%
[11:59:41] [Server thread/INFO]: Mushroom Growth Modifier: 100%
[11:59:41] [Server thread/INFO]: Pumpkin Growth Modifier: 100%
[11:59:41] [Server thread/INFO]: Sapling Growth Modifier: 100%
[11:59:41] [Server thread/INFO]: Wheat Growth Modifier: 100%
[11:59:41] [Server thread/INFO]: NetherWart Growth Modifier: 100%
[11:59:41] [Server thread/INFO]: Entity Tracking Range: Pl 48 / An 48 / Mo 48 / Mi 32 / Other 64
[11:59:41] [Server thread/INFO]: Tile Max Tick Time: 50ms Entity max Tick Time: 50ms
[11:59:41] [Server thread/INFO]: Entity Activation Range: An 32 / Mo 32 / Mi 16
[11:59:41] [Server thread/INFO]: Random Lighting Updates: false
[11:59:41] [Server thread/INFO]: Structure Info Saving: true
[11:59:41] [Server thread/INFO]: Hopper Transfer: 8 Hopper Check: 8 Hopper Amount: 1
[11:59:41] [Server thread/INFO]: Max Entity Collisions: 8
[11:59:41] [Server thread/INFO]: Custom Map Seeds:  Village: 10387312 Feature: 14357617
[11:59:41] [Server thread/INFO]: Preparing start region for level 0 (Seed: -6001415816501591797)
[11:59:43] [Server thread/INFO]: Preparing spawn area: 0%
[11:59:44] [Server thread/INFO]: Preparing spawn area: 12%
[11:59:45] [Server thread/INFO]: Preparing spawn area: 23%
[11:59:46] [Server thread/INFO]: Preparing spawn area: 36%
[11:59:47] [Server thread/INFO]: Preparing spawn area: 50%
[11:59:48] [Server thread/INFO]: Preparing spawn area: 63%
[11:59:49] [Server thread/INFO]: Preparing spawn area: 76%
[11:59:50] [Server thread/INFO]: Preparing spawn area: 86%
[11:59:51] [Server thread/INFO]: Preparing start region for level 1 (Seed: -6001415816501591797)
[11:59:52] [Server thread/INFO]: Preparing spawn area: 15%
[11:59:53] [Server thread/INFO]: Preparing spawn area: 28%
[11:59:54] [Server thread/INFO]: Preparing spawn area: 50%
[11:59:55] [Server thread/INFO]: Preparing spawn area: 73%
[11:59:56] [Server thread/INFO]: Preparing spawn area: 97%
[11:59:56] [Server thread/INFO]: Preparing start region for level 2 (Seed: -6001415816501591797)
[11:59:56] [Server thread/INFO]: [SetSpawn] Enabling SetSpawn v2.1
[11:59:56] [Server thread/INFO]: [RaspberryJuice] Enabling RaspberryJuice v1.7
[11:59:56] [Server thread/INFO]: [RaspberryJuice] ThreadListener Started
[11:59:56] [Server thread/INFO]: Server permissions file permissions.yml is empty, ignoring it
[11:59:57] [Server thread/INFO]: Done (15.967s)! For help, type "help" or "?"
[12:00:24] [User Authenticator #1/INFO]: UUID of player Th3CoolGuy is d6f27331-1258-42cd-bb0d-51ba8f4accff
[12:00:25] [Server thread/INFO]: Th3CoolGuy[/127.0.0.1:60070] logged in with entity id 297 at ([world]6.747056127050308, 70.98817153596816, 26.712261842823253)
[12:01:09] [Server thread/INFO]: Th3CoolGuy lost connection: Disconnected
[12:01:09] [Server thread/INFO]: Th3CoolGuy left the game.
[12:01:13] [User Authenticator #2/INFO]: UUID of player Th3CoolGuy is d6f27331-1258-42cd-bb0d-51ba8f4accff
[12:01:14] [Server thread/INFO]: Th3CoolGuy[/127.0.0.1:60126] logged in with entity id 453 at ([world]6.747056127050308, 70.98817153596816, 26.712261842823253)
[12:07:58] [Server thread/INFO]: Th3CoolGuy issued server command: /tp 00
[12:09:31] [Thread-9/INFO]: [RaspberryJuice] Starting input thread
[12:09:31] [Thread-10/INFO]: [RaspberryJuice] Starting output thread!
[12:09:31] [Thread-8/INFO]: [RaspberryJuice] Opened connection to/127.0.0.1:60632.
[12:09:31] [Server thread/WARN]: [RaspberryJuice] Error occured handling command
[12:09:31] [Server thread/WARN]: java.lang.ArrayIndexOutOfBoundsException: 3
[12:09:31] [Server thread/WARN]: 	at net.zhuoweizhang.raspberryjuice.RemoteSession.handleCommand(RemoteSession.java:153)
[12:09:31] [Server thread/WARN]: 	at net.zhuoweizhang.raspberryjuice.RemoteSession.handleLine(RemoteSession.java:122)
[12:09:31] [Server thread/WARN]: 	at net.zhuoweizhang.raspberryjuice.RemoteSession.tick(RemoteSession.java:102)
[12:09:31] [Server thread/WARN]: 	at net.zhuoweizhang.raspberryjuice.RaspberryJuicePlugin$TickHandler.run(RaspberryJuicePlugin.java:163)
[12:09:31] [Server thread/WARN]: 	at org.bukkit.craftbukkit.v1_9_R2.scheduler.CraftTask.run(CraftTask.java:71)
[12:09:31] [Server thread/WARN]: 	at org.bukkit.craftbukkit.v1_9_R2.scheduler.CraftScheduler.mainThreadHeartbeat(CraftScheduler.java:350)
[12:09:31] [Server thread/WARN]: 	at net.minecraft.server.v1_9_R2.MinecraftServer.D(MinecraftServer.java:734)
[12:09:31] [Server thread/WARN]: 	at net.minecraft.server.v1_9_R2.DedicatedServer.D(DedicatedServer.java:399)
[12:09:31] [Server thread/WARN]: 	at net.minecraft.server.v1_9_R2.MinecraftServer.C(MinecraftServer.java:665)
[12:09:31] [Server thread/WARN]: 	at net.minecraft.server.v1_9_R2.MinecraftServer.run(MinecraftServer.java:564)
[12:09:31] [Server thread/WARN]: 	at java.lang.Thread.run(Unknown Source)
[12:09:50] [Thread-9/WARN]: java.net.SocketException: Connection reset
[12:09:50] [Thread-9/WARN]: 	at java.net.SocketInputStream.read(Unknown Source)
[12:09:50] [Thread-9/WARN]: 	at java.net.SocketInputStream.read(Unknown Source)
[12:09:50] [Thread-9/WARN]: 	at sun.nio.cs.StreamDecoder.readBytes(Unknown Source)
[12:09:50] [Thread-9/WARN]: 	at sun.nio.cs.StreamDecoder.implRead(Unknown Source)
[12:09:50] [Thread-9/WARN]: 	at sun.nio.cs.StreamDecoder.read(Unknown Source)
[12:09:50] [Thread-9/WARN]: 	at java.io.InputStreamReader.read(Unknown Source)
[12:09:50] [Thread-9/WARN]: 	at java.io.BufferedReader.fill(Unknown Source)
[12:09:50] [Thread-9/WARN]: 	at java.io.BufferedReader.readLine(Unknown Source)
[12:09:50] [Thread-9/WARN]: 	at java.io.BufferedReader.readLine(Unknown Source)
[12:09:50] [Thread-9/WARN]: 	at net.zhuoweizhang.raspberryjuice.RemoteSession$InputThread.run(RemoteSession.java:577)
[12:09:50] [Thread-9/WARN]: 	at java.lang.Thread.run(Unknown Source)
[12:09:50] [Server thread/INFO]: [RaspberryJuice] Closed connection to/127.0.0.1:60632.
[12:09:51] [Thread-8/INFO]: [RaspberryJuice] Opened connection to/127.0.0.1:60655.
[12:09:51] [Thread-12/INFO]: [RaspberryJuice] Starting output thread!
[12:09:51] [Thread-11/INFO]: [RaspberryJuice] Starting input thread
[12:09:51] [Server thread/WARN]: [RaspberryJuice] Error occured handling command
[12:09:51] [Server thread/WARN]: java.lang.ArrayIndexOutOfBoundsException: 3
[12:09:51] [Server thread/WARN]: 	at net.zhuoweizhang.raspberryjuice.RemoteSession.handleCommand(RemoteSession.java:153)
[12:09:51] [Server thread/WARN]: 	at net.zhuoweizhang.raspberryjuice.RemoteSession.handleLine(RemoteSession.java:122)
[12:09:51] [Server thread/WARN]: 	at net.zhuoweizhang.raspberryjuice.RemoteSession.tick(RemoteSession.java:102)
[12:09:51] [Server thread/WARN]: 	at net.zhuoweizhang.raspberryjuice.RaspberryJuicePlugin$TickHandler.run(RaspberryJuicePlugin.java:163)
[12:09:51] [Server thread/WARN]: 	at org.bukkit.craftbukkit.v1_9_R2.scheduler.CraftTask.run(CraftTask.java:71)
[12:09:51] [Server thread/WARN]: 	at org.bukkit.craftbukkit.v1_9_R2.scheduler.CraftScheduler.mainThreadHeartbeat(CraftScheduler.java:350)
[12:09:51] [Server thread/WARN]: 	at net.minecraft.server.v1_9_R2.MinecraftServer.D(MinecraftServer.java:734)
[12:09:51] [Server thread/WARN]: 	at net.minecraft.server.v1_9_R2.DedicatedServer.D(DedicatedServer.java:399)
[12:09:51] [Server thread/WARN]: 	at net.minecraft.server.v1_9_R2.MinecraftServer.C(MinecraftServer.java:665)
[12:09:51] [Server thread/WARN]: 	at net.minecraft.server.v1_9_R2.MinecraftServer.run(MinecraftServer.java:564)
[12:09:51] [Server thread/WARN]: 	at java.lang.Thread.run(Unknown Source)
[12:10:35] [Thread-11/WARN]: java.net.SocketException: Connection reset
[12:10:35] [Thread-11/WARN]: 	at java.net.SocketInputStream.read(Unknown Source)
[12:10:35] [Thread-11/WARN]: 	at java.net.SocketInputStream.read(Unknown Source)
[12:10:35] [Thread-11/WARN]: 	at sun.nio.cs.StreamDecoder.readBytes(Unknown Source)
[12:10:35] [Thread-11/WARN]: 	at sun.nio.cs.StreamDecoder.implRead(Unknown Source)
[12:10:35] [Thread-11/WARN]: 	at sun.nio.cs.StreamDecoder.read(Unknown Source)
[12:10:35] [Thread-11/WARN]: 	at java.io.InputStreamReader.read(Unknown Source)
[12:10:35] [Thread-11/WARN]: 	at java.io.BufferedReader.fill(Unknown Source)
[12:10:35] [Thread-11/WARN]: 	at java.io.BufferedReader.readLine(Unknown Source)
[12:10:35] [Thread-11/WARN]: 	at java.io.BufferedReader.readLine(Unknown Source)
[12:10:35] [Thread-11/WARN]: 	at net.zhuoweizhang.raspberryjuice.RemoteSession$InputThread.run(RemoteSession.java:577)
[12:10:35] [Thread-11/WARN]: 	at java.lang.Thread.run(Unknown Source)
[12:10:35] [Server thread/INFO]: [RaspberryJuice] Closed connection to/127.0.0.1:60655.
[12:10:36] [Thread-8/INFO]: [RaspberryJuice] Opened connection to/127.0.0.1:60702.
[12:10:36] [Thread-13/INFO]: [RaspberryJuice] Starting input thread
[12:10:36] [Thread-14/INFO]: [RaspberryJuice] Starting output thread!
[12:10:45] [Thread-13/WARN]: java.net.SocketException: Connection reset
[12:10:45] [Thread-13/WARN]: 	at java.net.SocketInputStream.read(Unknown Source)
[12:10:45] [Thread-13/WARN]: 	at java.net.SocketInputStream.read(Unknown Source)
[12:10:45] [Thread-13/WARN]: 	at sun.nio.cs.StreamDecoder.readBytes(Unknown Source)
[12:10:45] [Thread-13/WARN]: 	at sun.nio.cs.StreamDecoder.implRead(Unknown Source)
[12:10:45] [Thread-13/WARN]: 	at sun.nio.cs.StreamDecoder.read(Unknown Source)
[12:10:45] [Thread-13/WARN]: 	at java.io.InputStreamReader.read(Unknown Source)
[12:10:45] [Thread-13/WARN]: 	at java.io.BufferedReader.fill(Unknown Source)
[12:10:45] [Thread-13/WARN]: 	at java.io.BufferedReader.readLine(Unknown Source)
[12:10:45] [Thread-13/WARN]: 	at java.io.BufferedReader.readLine(Unknown Source)
[12:10:45] [Thread-13/WARN]: 	at net.zhuoweizhang.raspberryjuice.RemoteSession$InputThread.run(RemoteSession.java:577)
[12:10:45] [Thread-13/WARN]: 	at java.lang.Thread.run(Unknown Source)
[12:10:45] [Server thread/INFO]: [RaspberryJuice] Closed connection to/127.0.0.1:60702.
[12:10:45] [Thread-8/INFO]: [RaspberryJuice] Opened connection to/127.0.0.1:60713.
[12:10:45] [Thread-15/INFO]: [RaspberryJuice] Starting input thread
[12:10:45] [Thread-16/INFO]: [RaspberryJuice] Starting output thread!
[12:12:14] [Thread-15/WARN]: java.net.SocketException: Connection reset
[12:12:14] [Thread-15/WARN]: 	at java.net.SocketInputStream.read(Unknown Source)
[12:12:14] [Thread-15/WARN]: 	at java.net.SocketInputStream.read(Unknown Source)
[12:12:14] [Thread-15/WARN]: 	at sun.nio.cs.StreamDecoder.readBytes(Unknown Source)
[12:12:14] [Thread-15/WARN]: 	at sun.nio.cs.StreamDecoder.implRead(Unknown Source)
[12:12:14] [Thread-15/WARN]: 	at sun.nio.cs.StreamDecoder.read(Unknown Source)
[12:12:14] [Thread-15/WARN]: 	at java.io.InputStreamReader.read(Unknown Source)
[12:12:14] [Thread-15/WARN]: 	at java.io.BufferedReader.fill(Unknown Source)
[12:12:14] [Thread-15/WARN]: 	at java.io.BufferedReader.readLine(Unknown Source)
[12:12:14] [Thread-15/WARN]: 	at java.io.BufferedReader.readLine(Unknown Source)
[12:12:14] [Thread-15/WARN]: 	at net.zhuoweizhang.raspberryjuice.RemoteSession$InputThread.run(RemoteSession.java:577)
[12:12:14] [Thread-15/WARN]: 	at java.lang.Thread.run(Unknown Source)
[12:12:15] [Server thread/INFO]: [RaspberryJuice] Closed connection to/127.0.0.1:60713.
[12:12:15] [Thread-8/INFO]: [RaspberryJuice] Opened connection to/127.0.0.1:60804.
[12:12:15] [Thread-17/INFO]: [RaspberryJuice] Starting input thread
[12:12:15] [Thread-18/INFO]: [RaspberryJuice] Starting output thread!
[12:13:46] [Thread-17/WARN]: java.net.SocketException: Connection reset
[12:13:46] [Thread-17/WARN]: 	at java.net.SocketInputStream.read(Unknown Source)
[12:13:46] [Thread-17/WARN]: 	at java.net.SocketInputStream.read(Unknown Source)
[12:13:46] [Thread-17/WARN]: 	at sun.nio.cs.StreamDecoder.readBytes(Unknown Source)
[12:13:46] [Thread-17/WARN]: 	at sun.nio.cs.StreamDecoder.implRead(Unknown Source)
[12:13:46] [Thread-17/WARN]: 	at sun.nio.cs.StreamDecoder.read(Unknown Source)
[12:13:46] [Thread-17/WARN]: 	at java.io.InputStreamReader.read(Unknown Source)
[12:13:46] [Thread-17/WARN]: 	at java.io.BufferedReader.fill(Unknown Source)
[12:13:46] [Thread-17/WARN]: 	at java.io.BufferedReader.readLine(Unknown Source)
[12:13:46] [Thread-17/WARN]: 	at java.io.BufferedReader.readLine(Unknown Source)
[12:13:46] [Thread-17/WARN]: 	at net.zhuoweizhang.raspberryjuice.RemoteSession$InputThread.run(RemoteSession.java:577)
[12:13:46] [Thread-17/WARN]: 	at java.lang.Thread.run(Unknown Source)
[12:13:46] [Server thread/INFO]: [RaspberryJuice] Closed connection to/127.0.0.1:60804.
[12:13:47] [Thread-8/INFO]: [RaspberryJuice] Opened connection to/127.0.0.1:60901.
[12:13:47] [Thread-19/INFO]: [RaspberryJuice] Starting input thread
[12:13:47] [Thread-20/INFO]: [RaspberryJuice] Starting output thread!
[12:13:59] [Thread-19/WARN]: java.net.SocketException: Connection reset
[12:13:59] [Thread-19/WARN]: 	at java.net.SocketInputStream.read(Unknown Source)
[12:13:59] [Thread-19/WARN]: 	at java.net.SocketInputStream.read(Unknown Source)
[12:13:59] [Thread-19/WARN]: 	at sun.nio.cs.StreamDecoder.readBytes(Unknown Source)
[12:13:59] [Thread-19/WARN]: 	at sun.nio.cs.StreamDecoder.implRead(Unknown Source)
[12:13:59] [Thread-19/WARN]: 	at sun.nio.cs.StreamDecoder.read(Unknown Source)
[12:13:59] [Thread-19/WARN]: 	at java.io.InputStreamReader.read(Unknown Source)
[12:13:59] [Thread-19/WARN]: 	at java.io.BufferedReader.fill(Unknown Source)
[12:13:59] [Thread-19/WARN]: 	at java.io.BufferedReader.readLine(Unknown Source)
[12:13:59] [Thread-19/WARN]: 	at java.io.BufferedReader.readLine(Unknown Source)
[12:13:59] [Thread-19/WARN]: 	at net.zhuoweizhang.raspberryjuice.RemoteSession$InputThread.run(RemoteSession.java:577)
[12:13:59] [Thread-19/WARN]: 	at java.lang.Thread.run(Unknown Source)
[12:13:59] [Server thread/INFO]: [RaspberryJuice] Closed connection to/127.0.0.1:60901.
[12:14:00] [Thread-8/INFO]: [RaspberryJuice] Opened connection to/127.0.0.1:60916.
[12:14:00] [Thread-21/INFO]: [RaspberryJuice] Starting input thread
[12:14:00] [Thread-22/INFO]: [RaspberryJuice] Starting output thread!
[12:14:09] [Thread-21/WARN]: java.net.SocketException: Connection reset
[12:14:09] [Thread-21/WARN]: 	at java.net.SocketInputStream.read(Unknown Source)
[12:14:09] [Thread-21/WARN]: 	at java.net.SocketInputStream.read(Unknown Source)
[12:14:09] [Thread-21/WARN]: 	at sun.nio.cs.StreamDecoder.readBytes(Unknown Source)
[12:14:09] [Thread-21/WARN]: 	at sun.nio.cs.StreamDecoder.implRead(Unknown Source)
[12:14:09] [Thread-21/WARN]: 	at sun.nio.cs.StreamDecoder.read(Unknown Source)
[12:14:09] [Thread-21/WARN]: 	at java.io.InputStreamReader.read(Unknown Source)
[12:14:09] [Thread-21/WARN]: 	at java.io.BufferedReader.fill(Unknown Source)
[12:14:09] [Thread-21/WARN]: 	at java.io.BufferedReader.readLine(Unknown Source)
[12:14:09] [Thread-21/WARN]: 	at java.io.BufferedReader.readLine(Unknown Source)
[12:14:09] [Thread-21/WARN]: 	at net.zhuoweizhang.raspberryjuice.RemoteSession$InputThread.run(RemoteSession.java:577)
[12:14:09] [Thread-21/WARN]: 	at java.lang.Thread.run(Unknown Source)
[12:14:09] [Server thread/INFO]: [RaspberryJuice] Closed connection to/127.0.0.1:60916.
[12:14:10] [Thread-8/INFO]: [RaspberryJuice] Opened connection to/127.0.0.1:60928.
[12:14:10] [Thread-23/INFO]: [RaspberryJuice] Starting input thread
[12:14:10] [Thread-24/INFO]: [RaspberryJuice] Starting output thread!
[12:14:24] [Thread-23/WARN]: java.net.SocketException: Connection reset
[12:14:24] [Thread-23/WARN]: 	at java.net.SocketInputStream.read(Unknown Source)
[12:14:24] [Thread-23/WARN]: 	at java.net.SocketInputStream.read(Unknown Source)
[12:14:24] [Thread-23/WARN]: 	at sun.nio.cs.StreamDecoder.readBytes(Unknown Source)
[12:14:24] [Thread-23/WARN]: 	at sun.nio.cs.StreamDecoder.implRead(Unknown Source)
[12:14:24] [Thread-23/WARN]: 	at sun.nio.cs.StreamDecoder.read(Unknown Source)
[12:14:24] [Thread-23/WARN]: 	at java.io.InputStreamReader.read(Unknown Source)
[12:14:24] [Thread-23/WARN]: 	at java.io.BufferedReader.fill(Unknown Source)
[12:14:24] [Thread-23/WARN]: 	at java.io.BufferedReader.readLine(Unknown Source)
[12:14:24] [Thread-23/WARN]: 	at java.io.BufferedReader.readLine(Unknown Source)
[12:14:24] [Thread-23/WARN]: 	at net.zhuoweizhang.raspberryjuice.RemoteSession$InputThread.run(RemoteSession.java:577)
[12:14:24] [Thread-23/WARN]: 	at java.lang.Thread.run(Unknown Source)
[12:14:24] [Server thread/INFO]: [RaspberryJuice] Closed connection to/127.0.0.1:60928.
[12:14:25] [Thread-8/INFO]: [RaspberryJuice] Opened connection to/127.0.0.1:60945.
[12:14:25] [Thread-26/INFO]: [RaspberryJuice] Starting output thread!
[12:14:25] [Thread-25/INFO]: [RaspberryJuice] Starting input thread
[12:15:12] [Thread-25/WARN]: java.net.SocketException: Connection reset
[12:15:12] [Thread-25/WARN]: 	at java.net.SocketInputStream.read(Unknown Source)
[12:15:12] [Thread-25/WARN]: 	at java.net.SocketInputStream.read(Unknown Source)
[12:15:12] [Thread-25/WARN]: 	at sun.nio.cs.StreamDecoder.readBytes(Unknown Source)
[12:15:12] [Thread-25/WARN]: 	at sun.nio.cs.StreamDecoder.implRead(Unknown Source)
[12:15:12] [Thread-25/WARN]: 	at sun.nio.cs.StreamDecoder.read(Unknown Source)
[12:15:12] [Thread-25/WARN]: 	at java.io.InputStreamReader.read(Unknown Source)
[12:15:12] [Thread-25/WARN]: 	at java.io.BufferedReader.fill(Unknown Source)
[12:15:12] [Thread-25/WARN]: 	at java.io.BufferedReader.readLine(Unknown Source)
[12:15:12] [Thread-25/WARN]: 	at java.io.BufferedReader.readLine(Unknown Source)
[12:15:12] [Thread-25/WARN]: 	at net.zhuoweizhang.raspberryjuice.RemoteSession$InputThread.run(RemoteSession.java:577)
[12:15:12] [Thread-25/WARN]: 	at java.lang.Thread.run(Unknown Source)
[12:15:12] [Server thread/INFO]: [RaspberryJuice] Closed connection to/127.0.0.1:60945.
[12:15:12] [Thread-8/INFO]: [RaspberryJuice] Opened connection to/127.0.0.1:60996.
[12:15:12] [Thread-27/INFO]: [RaspberryJuice] Starting input thread
[12:15:12] [Thread-28/INFO]: [RaspberryJuice] Starting output thread!
[12:15:36] [Thread-27/WARN]: java.net.SocketException: Connection reset
[12:15:36] [Thread-27/WARN]: 	at java.net.SocketInputStream.read(Unknown Source)
[12:15:36] [Thread-27/WARN]: 	at java.net.SocketInputStream.read(Unknown Source)
[12:15:36] [Thread-27/WARN]: 	at sun.nio.cs.StreamDecoder.readBytes(Unknown Source)
[12:15:36] [Thread-27/WARN]: 	at sun.nio.cs.StreamDecoder.implRead(Unknown Source)
[12:15:36] [Thread-27/WARN]: 	at sun.nio.cs.StreamDecoder.read(Unknown Source)
[12:15:36] [Thread-27/WARN]: 	at java.io.InputStreamReader.read(Unknown Source)
[12:15:36] [Thread-27/WARN]: 	at java.io.BufferedReader.fill(Unknown Source)
[12:15:36] [Thread-27/WARN]: 	at java.io.BufferedReader.readLine(Unknown Source)
[12:15:36] [Thread-27/WARN]: 	at java.io.BufferedReader.readLine(Unknown Source)
[12:15:36] [Thread-27/WARN]: 	at net.zhuoweizhang.raspberryjuice.RemoteSession$InputThread.run(RemoteSession.java:577)
[12:15:36] [Thread-27/WARN]: 	at java.lang.Thread.run(Unknown Source)
[12:15:36] [Server thread/INFO]: [RaspberryJuice] Closed connection to/127.0.0.1:60996.
[12:15:36] [Thread-8/INFO]: [RaspberryJuice] Opened connection to/127.0.0.1:61022.
[12:15:36] [Thread-29/INFO]: [RaspberryJuice] Starting input thread
[12:15:36] [Thread-30/INFO]: [RaspberryJuice] Starting output thread!
[12:15:49] [Thread-29/WARN]: java.net.SocketException: Connection reset
[12:15:49] [Thread-29/WARN]: 	at java.net.SocketInputStream.read(Unknown Source)
[12:15:49] [Thread-29/WARN]: 	at java.net.SocketInputStream.read(Unknown Source)
[12:15:49] [Thread-29/WARN]: 	at sun.nio.cs.StreamDecoder.readBytes(Unknown Source)
[12:15:49] [Thread-29/WARN]: 	at sun.nio.cs.StreamDecoder.implRead(Unknown Source)
[12:15:49] [Thread-29/WARN]: 	at sun.nio.cs.StreamDecoder.read(Unknown Source)
[12:15:49] [Thread-29/WARN]: 	at java.io.InputStreamReader.read(Unknown Source)
[12:15:49] [Thread-29/WARN]: 	at java.io.BufferedReader.fill(Unknown Source)
[12:15:49] [Thread-29/WARN]: 	at java.io.BufferedReader.readLine(Unknown Source)
[12:15:49] [Thread-29/WARN]: 	at java.io.BufferedReader.readLine(Unknown Source)
[12:15:49] [Thread-29/WARN]: 	at net.zhuoweizhang.raspberryjuice.RemoteSession$InputThread.run(RemoteSession.java:577)
[12:15:49] [Thread-29/WARN]: 	at java.lang.Thread.run(Unknown Source)
[12:15:49] [Server thread/INFO]: [RaspberryJuice] Closed connection to/127.0.0.1:61022.
[12:15:50] [Thread-8/INFO]: [RaspberryJuice] Opened connection to/127.0.0.1:61037.
[12:15:50] [Thread-31/INFO]: [RaspberryJuice] Starting input thread
[12:15:50] [Thread-32/INFO]: [RaspberryJuice] Starting output thread!
[12:16:35] [Thread-31/WARN]: java.net.SocketException: Connection reset
[12:16:35] [Thread-31/WARN]: 	at java.net.SocketInputStream.read(Unknown Source)
[12:16:35] [Thread-31/WARN]: 	at java.net.SocketInputStream.read(Unknown Source)
[12:16:35] [Thread-31/WARN]: 	at sun.nio.cs.StreamDecoder.readBytes(Unknown Source)
[12:16:35] [Thread-31/WARN]: 	at sun.nio.cs.StreamDecoder.implRead(Unknown Source)
[12:16:35] [Thread-31/WARN]: 	at sun.nio.cs.StreamDecoder.read(Unknown Source)
[12:16:35] [Thread-31/WARN]: 	at java.io.InputStreamReader.read(Unknown Source)
[12:16:35] [Thread-31/WARN]: 	at java.io.BufferedReader.fill(Unknown Source)
[12:16:35] [Thread-31/WARN]: 	at java.io.BufferedReader.readLine(Unknown Source)
[12:16:35] [Thread-31/WARN]: 	at java.io.BufferedReader.readLine(Unknown Source)
[12:16:35] [Thread-31/WARN]: 	at net.zhuoweizhang.raspberryjuice.RemoteSession$InputThread.run(RemoteSession.java:577)
[12:16:35] [Thread-31/WARN]: 	at java.lang.Thread.run(Unknown Source)
[12:16:35] [Server thread/INFO]: [RaspberryJuice] Closed connection to/127.0.0.1:61037.
[12:16:36] [Thread-8/INFO]: [RaspberryJuice] Opened connection to/127.0.0.1:61085.
[12:16:36] [Thread-33/INFO]: [RaspberryJuice] Starting input thread
[12:16:36] [Thread-34/INFO]: [RaspberryJuice] Starting output thread!
[12:16:50] [Thread-33/WARN]: java.net.SocketException: Connection reset
[12:16:50] [Thread-33/WARN]: 	at java.net.SocketInputStream.read(Unknown Source)
[12:16:50] [Thread-33/WARN]: 	at java.net.SocketInputStream.read(Unknown Source)
[12:16:50] [Thread-33/WARN]: 	at sun.nio.cs.StreamDecoder.readBytes(Unknown Source)
[12:16:50] [Thread-33/WARN]: 	at sun.nio.cs.StreamDecoder.implRead(Unknown Source)
[12:16:50] [Thread-33/WARN]: 	at sun.nio.cs.StreamDecoder.read(Unknown Source)
[12:16:50] [Thread-33/WARN]: 	at java.io.InputStreamReader.read(Unknown Source)
[12:16:50] [Thread-33/WARN]: 	at java.io.BufferedReader.fill(Unknown Source)
[12:16:50] [Thread-33/WARN]: 	at java.io.BufferedReader.readLine(Unknown Source)
[12:16:50] [Thread-33/WARN]: 	at java.io.BufferedReader.readLine(Unknown Source)
[12:16:50] [Thread-33/WARN]: 	at net.zhuoweizhang.raspberryjuice.RemoteSession$InputThread.run(RemoteSession.java:577)
[12:16:50] [Thread-33/WARN]: 	at java.lang.Thread.run(Unknown Source)
[12:16:50] [Server thread/INFO]: [RaspberryJuice] Closed connection to/127.0.0.1:61085.
[12:16:50] [Thread-8/INFO]: [RaspberryJuice] Opened connection to/127.0.0.1:61101.
[12:16:50] [Thread-35/INFO]: [RaspberryJuice] Starting input thread
[12:16:50] [Thread-36/INFO]: [RaspberryJuice] Starting output thread!
[12:17:22] [Thread-35/WARN]: java.net.SocketException: Connection reset
[12:17:22] [Thread-35/WARN]: 	at java.net.SocketInputStream.read(Unknown Source)
[12:17:22] [Thread-35/WARN]: 	at java.net.SocketInputStream.read(Unknown Source)
[12:17:22] [Thread-35/WARN]: 	at sun.nio.cs.StreamDecoder.readBytes(Unknown Source)
[12:17:22] [Thread-35/WARN]: 	at sun.nio.cs.StreamDecoder.implRead(Unknown Source)
[12:17:22] [Thread-35/WARN]: 	at sun.nio.cs.StreamDecoder.read(Unknown Source)
[12:17:22] [Thread-35/WARN]: 	at java.io.InputStreamReader.read(Unknown Source)
[12:17:22] [Thread-35/WARN]: 	at java.io.BufferedReader.fill(Unknown Source)
[12:17:22] [Thread-35/WARN]: 	at java.io.BufferedReader.readLine(Unknown Source)
[12:17:22] [Thread-35/WARN]: 	at java.io.BufferedReader.readLine(Unknown Source)
[12:17:22] [Thread-35/WARN]: 	at net.zhuoweizhang.raspberryjuice.RemoteSession$InputThread.run(RemoteSession.java:577)
[12:17:22] [Thread-35/WARN]: 	at java.lang.Thread.run(Unknown Source)
[12:17:22] [Server thread/INFO]: [RaspberryJuice] Closed connection to/127.0.0.1:61101.
[12:17:23] [Thread-8/INFO]: [RaspberryJuice] Opened connection to/127.0.0.1:61135.
[12:17:23] [Thread-37/INFO]: [RaspberryJuice] Starting input thread
[12:17:23] [Thread-38/INFO]: [RaspberryJuice] Starting output thread!
[12:18:27] [Thread-37/WARN]: java.net.SocketException: Connection reset
[12:18:27] [Thread-37/WARN]: 	at java.net.SocketInputStream.read(Unknown Source)
[12:18:27] [Thread-37/WARN]: 	at java.net.SocketInputStream.read(Unknown Source)
[12:18:27] [Thread-37/WARN]: 	at sun.nio.cs.StreamDecoder.readBytes(Unknown Source)
[12:18:27] [Thread-37/WARN]: 	at sun.nio.cs.StreamDecoder.implRead(Unknown Source)
[12:18:27] [Thread-37/WARN]: 	at sun.nio.cs.StreamDecoder.read(Unknown Source)
[12:18:27] [Thread-37/WARN]: 	at java.io.InputStreamReader.read(Unknown Source)
[12:18:27] [Thread-37/WARN]: 	at java.io.BufferedReader.fill(Unknown Source)
[12:18:27] [Thread-37/WARN]: 	at java.io.BufferedReader.readLine(Unknown Source)
[12:18:27] [Thread-37/WARN]: 	at java.io.BufferedReader.readLine(Unknown Source)
[12:18:27] [Thread-37/WARN]: 	at net.zhuoweizhang.raspberryjuice.RemoteSession$InputThread.run(RemoteSession.java:577)
[12:18:27] [Thread-37/WARN]: 	at java.lang.Thread.run(Unknown Source)
[12:18:27] [Server thread/INFO]: [RaspberryJuice] Closed connection to/127.0.0.1:61135.
[12:18:28] [Thread-8/INFO]: [RaspberryJuice] Opened connection to/127.0.0.1:61202.
[12:18:28] [Thread-40/INFO]: [RaspberryJuice] Starting output thread!
[12:18:28] [Thread-39/INFO]: [RaspberryJuice] Starting input thread
[12:19:01] [Thread-39/WARN]: java.net.SocketException: Connection reset
[12:19:01] [Thread-39/WARN]: 	at java.net.SocketInputStream.read(Unknown Source)
[12:19:01] [Thread-39/WARN]: 	at java.net.SocketInputStream.read(Unknown Source)
[12:19:01] [Thread-39/WARN]: 	at sun.nio.cs.StreamDecoder.readBytes(Unknown Source)
[12:19:01] [Thread-39/WARN]: 	at sun.nio.cs.StreamDecoder.implRead(Unknown Source)
[12:19:01] [Thread-39/WARN]: 	at sun.nio.cs.StreamDecoder.read(Unknown Source)
[12:19:01] [Thread-39/WARN]: 	at java.io.InputStreamReader.read(Unknown Source)
[12:19:01] [Thread-39/WARN]: 	at java.io.BufferedReader.fill(Unknown Source)
[12:19:01] [Thread-39/WARN]: 	at java.io.BufferedReader.readLine(Unknown Source)
[12:19:01] [Thread-39/WARN]: 	at java.io.BufferedReader.readLine(Unknown Source)
[12:19:01] [Thread-39/WARN]: 	at net.zhuoweizhang.raspberryjuice.RemoteSession$InputThread.run(RemoteSession.java:577)
[12:19:01] [Thread-39/WARN]: 	at java.lang.Thread.run(Unknown Source)
[12:19:01] [Server thread/INFO]: [RaspberryJuice] Closed connection to/127.0.0.1:61202.
[12:19:01] [Thread-8/INFO]: [RaspberryJuice] Opened connection to/127.0.0.1:61237.
[12:19:01] [Thread-41/INFO]: [RaspberryJuice] Starting input thread
[12:19:01] [Thread-42/INFO]: [RaspberryJuice] Starting output thread!
[12:19:32] [Thread-41/WARN]: java.net.SocketException: Connection reset
[12:19:32] [Thread-41/WARN]: 	at java.net.SocketInputStream.read(Unknown Source)
[12:19:32] [Thread-41/WARN]: 	at java.net.SocketInputStream.read(Unknown Source)
[12:19:32] [Thread-41/WARN]: 	at sun.nio.cs.StreamDecoder.readBytes(Unknown Source)
[12:19:32] [Thread-41/WARN]: 	at sun.nio.cs.StreamDecoder.implRead(Unknown Source)
[12:19:32] [Thread-41/WARN]: 	at sun.nio.cs.StreamDecoder.read(Unknown Source)
[12:19:32] [Thread-41/WARN]: 	at java.io.InputStreamReader.read(Unknown Source)
[12:19:32] [Thread-41/WARN]: 	at java.io.BufferedReader.fill(Unknown Source)
[12:19:32] [Thread-41/WARN]: 	at java.io.BufferedReader.readLine(Unknown Source)
[12:19:32] [Thread-41/WARN]: 	at java.io.BufferedReader.readLine(Unknown Source)
[12:19:32] [Thread-41/WARN]: 	at net.zhuoweizhang.raspberryjuice.RemoteSession$InputThread.run(RemoteSession.java:577)
[12:19:32] [Thread-41/WARN]: 	at java.lang.Thread.run(Unknown Source)
[12:19:32] [Server thread/INFO]: [RaspberryJuice] Closed connection to/127.0.0.1:61237.
[12:19:33] [Thread-8/INFO]: [RaspberryJuice] Opened connection to/127.0.0.1:61271.
[12:19:33] [Thread-43/INFO]: [RaspberryJuice] Starting input thread
[12:19:33] [Thread-44/INFO]: [RaspberryJuice] Starting output thread!
[12:20:18] [Thread-43/WARN]: java.net.SocketException: Connection reset
[12:20:18] [Thread-43/WARN]: 	at java.net.SocketInputStream.read(Unknown Source)
[12:20:18] [Thread-43/WARN]: 	at java.net.SocketInputStream.read(Unknown Source)
[12:20:18] [Thread-43/WARN]: 	at sun.nio.cs.StreamDecoder.readBytes(Unknown Source)
[12:20:18] [Thread-43/WARN]: 	at sun.nio.cs.StreamDecoder.implRead(Unknown Source)
[12:20:18] [Thread-43/WARN]: 	at sun.nio.cs.StreamDecoder.read(Unknown Source)
[12:20:18] [Thread-43/WARN]: 	at java.io.InputStreamReader.read(Unknown Source)
[12:20:18] [Thread-43/WARN]: 	at java.io.BufferedReader.fill(Unknown Source)
[12:20:18] [Thread-43/WARN]: 	at java.io.BufferedReader.readLine(Unknown Source)
[12:20:18] [Thread-43/WARN]: 	at java.io.BufferedReader.readLine(Unknown Source)
[12:20:18] [Thread-43/WARN]: 	at net.zhuoweizhang.raspberryjuice.RemoteSession$InputThread.run(RemoteSession.java:577)
[12:20:18] [Thread-43/WARN]: 	at java.lang.Thread.run(Unknown Source)
[12:20:18] [Server thread/INFO]: [RaspberryJuice] Closed connection to/127.0.0.1:61271.
[12:20:19] [Thread-8/INFO]: [RaspberryJuice] Opened connection to/127.0.0.1:61320.
[12:20:19] [Thread-45/INFO]: [RaspberryJuice] Starting input thread
[12:20:19] [Thread-46/INFO]: [RaspberryJuice] Starting output thread!
[12:20:19] [Server thread/WARN]: [RaspberryJuice] Error occured handling command
[12:20:19] [Server thread/WARN]: java.lang.ArrayIndexOutOfBoundsException: 6
[12:20:19] [Server thread/WARN]: 	at net.zhuoweizhang.raspberryjuice.RemoteSession.handleCommand(RemoteSession.java:159)
[12:20:19] [Server thread/WARN]: 	at net.zhuoweizhang.raspberryjuice.RemoteSession.handleLine(RemoteSession.java:122)
[12:20:19] [Server thread/WARN]: 	at net.zhuoweizhang.raspberryjuice.RemoteSession.tick(RemoteSession.java:102)
[12:20:19] [Server thread/WARN]: 	at net.zhuoweizhang.raspberryjuice.RaspberryJuicePlugin$TickHandler.run(RaspberryJuicePlugin.java:163)
[12:20:19] [Server thread/WARN]: 	at org.bukkit.craftbukkit.v1_9_R2.scheduler.CraftTask.run(CraftTask.java:71)
[12:20:19] [Server thread/WARN]: 	at org.bukkit.craftbukkit.v1_9_R2.scheduler.CraftScheduler.mainThreadHeartbeat(CraftScheduler.java:350)
[12:20:19] [Server thread/WARN]: 	at net.minecraft.server.v1_9_R2.MinecraftServer.D(MinecraftServer.java:734)
[12:20:19] [Server thread/WARN]: 	at net.minecraft.server.v1_9_R2.DedicatedServer.D(DedicatedServer.java:399)
[12:20:19] [Server thread/WARN]: 	at net.minecraft.server.v1_9_R2.MinecraftServer.C(MinecraftServer.java:665)
[12:20:19] [Server thread/WARN]: 	at net.minecraft.server.v1_9_R2.MinecraftServer.run(MinecraftServer.java:564)
[12:20:19] [Server thread/WARN]: 	at java.lang.Thread.run(Unknown Source)
[12:20:25] [Thread-45/WARN]: java.net.SocketException: Connection reset
[12:20:25] [Thread-45/WARN]: 	at java.net.SocketInputStream.read(Unknown Source)
[12:20:25] [Thread-45/WARN]: 	at java.net.SocketInputStream.read(Unknown Source)
[12:20:25] [Thread-45/WARN]: 	at sun.nio.cs.StreamDecoder.readBytes(Unknown Source)
[12:20:25] [Thread-45/WARN]: 	at sun.nio.cs.StreamDecoder.implRead(Unknown Source)
[12:20:25] [Thread-45/WARN]: 	at sun.nio.cs.StreamDecoder.read(Unknown Source)
[12:20:25] [Thread-45/WARN]: 	at java.io.InputStreamReader.read(Unknown Source)
[12:20:25] [Thread-45/WARN]: 	at java.io.BufferedReader.fill(Unknown Source)
[12:20:25] [Thread-45/WARN]: 	at java.io.BufferedReader.readLine(Unknown Source)
[12:20:25] [Thread-45/WARN]: 	at java.io.BufferedReader.readLine(Unknown Source)
[12:20:25] [Thread-45/WARN]: 	at net.zhuoweizhang.raspberryjuice.RemoteSession$InputThread.run(RemoteSession.java:577)
[12:20:25] [Thread-45/WARN]: 	at java.lang.Thread.run(Unknown Source)
[12:20:25] [Server thread/INFO]: [RaspberryJuice] Closed connection to/127.0.0.1:61320.
[12:20:26] [Thread-8/INFO]: [RaspberryJuice] Opened connection to/127.0.0.1:61329.
[12:20:26] [Thread-47/INFO]: [RaspberryJuice] Starting input thread
[12:20:26] [Thread-48/INFO]: [RaspberryJuice] Starting output thread!
[12:20:26] [Server thread/WARN]: [RaspberryJuice] Error occured handling command
[12:20:26] [Server thread/WARN]: java.lang.ArrayIndexOutOfBoundsException: 6
[12:20:26] [Server thread/WARN]: 	at net.zhuoweizhang.raspberryjuice.RemoteSession.handleCommand(RemoteSession.java:159)
[12:20:26] [Server thread/WARN]: 	at net.zhuoweizhang.raspberryjuice.RemoteSession.handleLine(RemoteSession.java:122)
[12:20:26] [Server thread/WARN]: 	at net.zhuoweizhang.raspberryjuice.RemoteSession.tick(RemoteSession.java:102)
[12:20:26] [Server thread/WARN]: 	at net.zhuoweizhang.raspberryjuice.RaspberryJuicePlugin$TickHandler.run(RaspberryJuicePlugin.java:163)
[12:20:26] [Server thread/WARN]: 	at org.bukkit.craftbukkit.v1_9_R2.scheduler.CraftTask.run(CraftTask.java:71)
[12:20:26] [Server thread/WARN]: 	at org.bukkit.craftbukkit.v1_9_R2.scheduler.CraftScheduler.mainThreadHeartbeat(CraftScheduler.java:350)
[12:20:26] [Server thread/WARN]: 	at net.minecraft.server.v1_9_R2.MinecraftServer.D(MinecraftServer.java:734)
[12:20:26] [Server thread/WARN]: 	at net.minecraft.server.v1_9_R2.DedicatedServer.D(DedicatedServer.java:399)
[12:20:26] [Server thread/WARN]: 	at net.minecraft.server.v1_9_R2.MinecraftServer.C(MinecraftServer.java:665)
[12:20:26] [Server thread/WARN]: 	at net.minecraft.server.v1_9_R2.MinecraftServer.run(MinecraftServer.java:564)
[12:20:26] [Server thread/WARN]: 	at java.lang.Thread.run(Unknown Source)
[12:29:06] [Thread-47/WARN]: java.net.SocketException: Connection reset
[12:29:06] [Thread-47/WARN]: 	at java.net.SocketInputStream.read(Unknown Source)
[12:29:06] [Thread-47/WARN]: 	at java.net.SocketInputStream.read(Unknown Source)
[12:29:06] [Thread-47/WARN]: 	at sun.nio.cs.StreamDecoder.readBytes(Unknown Source)
[12:29:06] [Thread-47/WARN]: 	at sun.nio.cs.StreamDecoder.implRead(Unknown Source)
[12:29:06] [Thread-47/WARN]: 	at sun.nio.cs.StreamDecoder.read(Unknown Source)
[12:29:06] [Thread-47/WARN]: 	at java.io.InputStreamReader.read(Unknown Source)
[12:29:06] [Thread-47/WARN]: 	at java.io.BufferedReader.fill(Unknown Source)
[12:29:06] [Thread-47/WARN]: 	at java.io.BufferedReader.readLine(Unknown Source)
[12:29:06] [Thread-47/WARN]: 	at java.io.BufferedReader.readLine(Unknown Source)
[12:29:06] [Thread-47/WARN]: 	at net.zhuoweizhang.raspberryjuice.RemoteSession$InputThread.run(RemoteSession.java:577)
[12:29:06] [Thread-47/WARN]: 	at java.lang.Thread.run(Unknown Source)
[12:29:06] [Server thread/INFO]: [RaspberryJuice] Closed connection to/127.0.0.1:61329.
[12:29:06] [Thread-8/INFO]: [RaspberryJuice] Opened connection to/127.0.0.1:62379.
[12:29:06] [Thread-49/INFO]: [RaspberryJuice] Starting input thread
[12:29:06] [Thread-50/INFO]: [RaspberryJuice] Starting output thread!
[12:29:23] [Thread-49/WARN]: java.net.SocketException: Connection reset
[12:29:23] [Thread-49/WARN]: 	at java.net.SocketInputStream.read(Unknown Source)
[12:29:23] [Thread-49/WARN]: 	at java.net.SocketInputStream.read(Unknown Source)
[12:29:23] [Thread-49/WARN]: 	at sun.nio.cs.StreamDecoder.readBytes(Unknown Source)
[12:29:23] [Thread-49/WARN]: 	at sun.nio.cs.StreamDecoder.implRead(Unknown Source)
[12:29:23] [Thread-49/WARN]: 	at sun.nio.cs.StreamDecoder.read(Unknown Source)
[12:29:23] [Thread-49/WARN]: 	at java.io.InputStreamReader.read(Unknown Source)
[12:29:23] [Thread-49/WARN]: 	at java.io.BufferedReader.fill(Unknown Source)
[12:29:23] [Thread-49/WARN]: 	at java.io.BufferedReader.readLine(Unknown Source)
[12:29:23] [Thread-49/WARN]: 	at java.io.BufferedReader.readLine(Unknown Source)
[12:29:23] [Thread-49/WARN]: 	at net.zhuoweizhang.raspberryjuice.RemoteSession$InputThread.run(RemoteSession.java:577)
[12:29:23] [Thread-49/WARN]: 	at java.lang.Thread.run(Unknown Source)
[12:29:23] [Server thread/INFO]: [RaspberryJuice] Closed connection to/127.0.0.1:62379.
[12:29:24] [Thread-8/INFO]: [RaspberryJuice] Opened connection to/127.0.0.1:62423.
[12:29:24] [Thread-52/INFO]: [RaspberryJuice] Starting output thread!
[12:29:24] [Thread-51/INFO]: [RaspberryJuice] Starting input thread
[12:29:56] [Thread-51/WARN]: java.net.SocketException: Connection reset
[12:29:56] [Thread-51/WARN]: 	at java.net.SocketInputStream.read(Unknown Source)
[12:29:56] [Thread-51/WARN]: 	at java.net.SocketInputStream.read(Unknown Source)
[12:29:56] [Thread-51/WARN]: 	at sun.nio.cs.StreamDecoder.readBytes(Unknown Source)
[12:29:56] [Thread-51/WARN]: 	at sun.nio.cs.StreamDecoder.implRead(Unknown Source)
[12:29:56] [Thread-51/WARN]: 	at sun.nio.cs.StreamDecoder.read(Unknown Source)
[12:29:56] [Thread-51/WARN]: 	at java.io.InputStreamReader.read(Unknown Source)
[12:29:56] [Thread-51/WARN]: 	at java.io.BufferedReader.fill(Unknown Source)
[12:29:56] [Thread-51/WARN]: 	at java.io.BufferedReader.readLine(Unknown Source)
[12:29:56] [Thread-51/WARN]: 	at java.io.BufferedReader.readLine(Unknown Source)
[12:29:56] [Thread-51/WARN]: 	at net.zhuoweizhang.raspberryjuice.RemoteSession$InputThread.run(RemoteSession.java:577)
[12:29:56] [Thread-51/WARN]: 	at java.lang.Thread.run(Unknown Source)
[12:29:56] [Server thread/INFO]: [RaspberryJuice] Closed connection to/127.0.0.1:62423.
[12:29:57] [Thread-8/INFO]: [RaspberryJuice] Opened connection to/127.0.0.1:62460.
[12:29:57] [Thread-53/INFO]: [RaspberryJuice] Starting input thread
[12:29:57] [Thread-54/INFO]: [RaspberryJuice] Starting output thread!
